<?xml version="1.0" encoding="UTF-8"?>
<!-- Generated by org.testng.reporters.JUnitXMLReporter -->
<testsuite ignored="3" hostname="DESKTOP-I4L6GH3" failures="0" tests="2" name="AntrasTestasPrisijungti" time="6.297" errors="0" timestamp="2022-10-11T10:42:31 EEST">
  <testcase classname="testai.testParamet" name="@BeforeClass Setup" time="6.262">
    <failure type="org.openqa.selenium.WebDriverException" message="unknown error: Chrome failed to start: exited normally.
  (chrome not reachable)
  (The process started from chrome location C:\Program Files\Google\Chrome\Application\chrome.exe is no longer running, so ChromeDriver is assuming that Chrome has crashed.)
Build info: version: &amp;apos;3.141.59&amp;apos;, revision: &amp;apos;e82be7d358&amp;apos;, time: &amp;apos;2018-11-14T08:17:03&amp;apos;
System info: host: &amp;apos;DESKTOP-I4L6GH3&amp;apos;, ip: &amp;apos;172.19.112.1&amp;apos;, os.name: &amp;apos;Windows 10&amp;apos;, os.arch: &amp;apos;amd64&amp;apos;, os.version: &amp;apos;10.0&amp;apos;, java.version: &amp;apos;18.0.1.1&amp;apos;
Driver info: driver.version: ChromeDriver
remote stacktrace: Backtrace:
	Ordinal0 [0x00DC1ED3+2236115]
	Ordinal0 [0x00D592F1+1807089]
	Ordinal0 [0x00C666FD+812797]
	Ordinal0 [0x00C858F9+940281]
	Ordinal0 [0x00C819C9+924105]
	Ordinal0 [0x00CB806C+1146988]
	Ordinal0 [0x00CB7A6A+1145450]
	Ordinal0 [0x00CB18A6+1120422]
	Ordinal0 [0x00C8A73D+960317]
	Ordinal0 [0x00C8B71F+964383]
	GetHandleVerifier [0x0106E7E2+2743074]
	GetHandleVerifier [0x010608D4+2685972]
	GetHandleVerifier [0x00E52BAA+532202]
	GetHandleVerifier [0x00E51990+527568]
	Ordinal0 [0x00D6080C+1837068]
	Ordinal0 [0x00D64CD8+1854680]
	Ordinal0 [0x00D64DC5+1854917]
	Ordinal0 [0x00D6ED64+1895780]
	BaseThreadInitThunk [0x767CFA29+25]
	RtlGetAppContainerNamedObjectPath [0x77167A9E+286]
	RtlGetAppContainerNamedObjectPath [0x77167A6E+238]
">
      <![CDATA[org.openqa.selenium.WebDriverException: unknown error: Chrome failed to start: exited normally.
  (chrome not reachable)
  (The process started from chrome location C:\Program Files\Google\Chrome\Application\chrome.exe is no longer running, so ChromeDriver is assuming that Chrome has crashed.)
Build info: version: '3.141.59', revision: 'e82be7d358', time: '2018-11-14T08:17:03'
System info: host: 'DESKTOP-I4L6GH3', ip: '172.19.112.1', os.name: 'Windows 10', os.arch: 'amd64', os.version: '10.0', java.version: '18.0.1.1'
Driver info: driver.version: ChromeDriver
remote stacktrace: Backtrace:
Ordinal0 [0x00DC1ED3+2236115]
Ordinal0 [0x00D592F1+1807089]
Ordinal0 [0x00C666FD+812797]
Ordinal0 [0x00C858F9+940281]
Ordinal0 [0x00C819C9+924105]
Ordinal0 [0x00CB806C+1146988]
Ordinal0 [0x00CB7A6A+1145450]
Ordinal0 [0x00CB18A6+1120422]
Ordinal0 [0x00C8A73D+960317]
Ordinal0 [0x00C8B71F+964383]
GetHandleVerifier [0x0106E7E2+2743074]
GetHandleVerifier [0x010608D4+2685972]
GetHandleVerifier [0x00E52BAA+532202]
GetHandleVerifier [0x00E51990+527568]
Ordinal0 [0x00D6080C+1837068]
Ordinal0 [0x00D64CD8+1854680]
Ordinal0 [0x00D64DC5+1854917]
Ordinal0 [0x00D6ED64+1895780]
BaseThreadInitThunk [0x767CFA29+25]
RtlGetAppContainerNamedObjectPath [0x77167A9E+286]
RtlGetAppContainerNamedObjectPath [0x77167A6E+238]

at org.openqa.selenium.remote.W3CHandshakeResponse.lambda$errorHandler$0(W3CHandshakeResponse.java:62)
at org.openqa.selenium.remote.HandshakeResponse.lambda$getResponseFunction$0(HandshakeResponse.java:30)
at org.openqa.selenium.remote.ProtocolHandshake.lambda$createSession$0(ProtocolHandshake.java:126)
at java.base/java.util.stream.ReferencePipeline$3$1.accept(ReferencePipeline.java:197)
at java.base/java.util.Spliterators$ArraySpliterator.tryAdvance(Spliterators.java:1002)
at java.base/java.util.stream.ReferencePipeline.forEachWithCancel(ReferencePipeline.java:129)
at java.base/java.util.stream.AbstractPipeline.copyIntoWithCancel(AbstractPipeline.java:527)
at java.base/java.util.stream.AbstractPipeline.copyInto(AbstractPipeline.java:513)
at java.base/java.util.stream.AbstractPipeline.wrapAndCopyInto(AbstractPipeline.java:499)
at java.base/java.util.stream.FindOps$FindOp.evaluateSequential(FindOps.java:150)
at java.base/java.util.stream.AbstractPipeline.evaluate(AbstractPipeline.java:234)
at java.base/java.util.stream.ReferencePipeline.findFirst(ReferencePipeline.java:647)
at org.openqa.selenium.remote.ProtocolHandshake.createSession(ProtocolHandshake.java:128)
at org.openqa.selenium.remote.ProtocolHandshake.createSession(ProtocolHandshake.java:74)
at org.openqa.selenium.remote.HttpCommandExecutor.execute(HttpCommandExecutor.java:136)
at org.openqa.selenium.remote.service.DriverCommandExecutor.execute(DriverCommandExecutor.java:83)
at org.openqa.selenium.remote.RemoteWebDriver.execute(RemoteWebDriver.java:552)
at org.openqa.selenium.remote.RemoteWebDriver.startSession(RemoteWebDriver.java:213)
at org.openqa.selenium.remote.RemoteWebDriver.<init>(RemoteWebDriver.java:131)
at org.openqa.selenium.chrome.ChromeDriver.<init>(ChromeDriver.java:181)
at org.openqa.selenium.chrome.ChromeDriver.<init>(ChromeDriver.java:168)
at org.openqa.selenium.chrome.ChromeDriver.<init>(ChromeDriver.java:123)
at testai.testParamet.Setup(testParamet.java:17)
at java.base/java.util.ArrayList.forEach(ArrayList.java:1511)
... Removed 26 stack frames]]>
    </failure>
  </testcase> <!-- @BeforeClass Setup -->
  <testcase classname="testai.testParamet" name="@AfterClass TearDown" time="0.0">
    <skipped/>
  </testcase> <!-- @AfterClass TearDown -->
  <testcase classname="testai.tests" name="loginPage" time="0.0">
    <skipped/>
  </testcase> <!-- loginPage -->
  <testcase classname="testai.tests" name="loginPageNeg" time="0.0">
    <skipped/>
  </testcase> <!-- loginPageNeg -->
  <testcase classname="testai.tests" name="regPositive" time="0.0">
    <ignored/>
  </testcase> <!-- regPositive -->
  <testcase classname="testai.tests" name="loginPageOut" time="0.0">
    <ignored/>
  </testcase> <!-- loginPageOut -->
  <testcase classname="testai.tests" name="regNegative" time="0.0">
    <ignored/>
  </testcase> <!-- regNegative -->
</testsuite> <!-- AntrasTestasPrisijungti -->
